# JRE version: Java(TM) SE Runtime Environment (8.0_25-b18) (build 1.8.0_25-b18)
# Java VM: Java HotSpot(TM) 64-Bit Server VM (25.25-b02 mixed mode windows-amd64 compressed oops)
Heap:
 PSYoungGen      total 83968K, used 8037K [0x00000000eab00000, 0x00000000f0900000, 0x0000000100000000)
  eden space 73728K, 4% used [0x00000000eab00000,0x00000000eadfa478,0x00000000ef300000)
  from space 10240K, 48% used [0x00000000efd00000,0x00000000f01df350,0x00000000f0700000)
  to   space 10240K, 0% used [0x00000000ef300000,0x00000000ef300000,0x00000000efd00000)
 ParOldGen       total 70144K, used 11528K [0x00000000c0000000, 0x00000000c4480000, 0x00000000eab00000)
  object space 70144K, 16% used [0x00000000c0000000,0x00000000c0b42030,0x00000000c4480000)
 Metaspace       used 28988K, capacity 29542K, committed 29824K, reserved 1075200K
  class space    used 4043K, capacity 4160K, committed 4224K, reserved 1048576K
GC Heap History (10 events):
Event: 2.539 GC heap before
{Heap before GC invocations=5 (full 1):
 PSYoungGen      total 38400K, used 5104K [0x00000000eab00000, 0x00000000ef600000, 0x0000000100000000)
  eden space 33280K, 0% used [0x00000000eab00000,0x00000000eab00000,0x00000000ecb80000)
  from space 5120K, 99% used [0x00000000ed080000,0x00000000ed57c030,0x00000000ed580000)
  to   space 5120K, 0% used [0x00000000ecb80000,0x00000000ecb80000,0x00000000ed080000)
 ParOldGen       total 87552K, used 8294K [0x00000000c0000000, 0x00000000c5580000, 0x00000000eab00000)
  object space 87552K, 9% used [0x00000000c0000000,0x00000000c0819af0,0x00000000c5580000)
 Metaspace       used 20860K, capacity 21240K, committed 21296K, reserved 1067008K
  class space    used 2795K, capacity 2942K, committed 2944K, reserved 1048576K
Event: 2.585 GC heap after
Heap after GC invocations=5 (full 1):
 PSYoungGen      total 38400K, used 0K [0x00000000eab00000, 0x00000000ef600000, 0x0000000100000000)
  eden space 33280K, 0% used [0x00000000eab00000,0x00000000eab00000,0x00000000ecb80000)
  from space 5120K, 0% used [0x00000000ed080000,0x00000000ed080000,0x00000000ed580000)
  to   space 5120K, 0% used [0x00000000ecb80000,0x00000000ecb80000,0x00000000ed080000)
 ParOldGen       total 70144K, used 11448K [0x00000000c0000000, 0x00000000c4480000, 0x00000000eab00000)
  object space 70144K, 16% used [0x00000000c0000000,0x00000000c0b2e008,0x00000000c4480000)
 Metaspace       used 20858K, capacity 21238K, committed 21296K, reserved 1067008K
  class space    used 2794K, capacity 2941K, committed 2944K, reserved 1048576K
}
Event: 2.979 GC heap before
{Heap before GC invocations=6 (full 1):
 PSYoungGen      total 38400K, used 33280K [0x00000000eab00000, 0x00000000ef600000, 0x0000000100000000)
  eden space 33280K, 100% used [0x00000000eab00000,0x00000000ecb80000,0x00000000ecb80000)
  from space 5120K, 0% used [0x00000000ed080000,0x00000000ed080000,0x00000000ed580000)
  to   space 5120K, 0% used [0x00000000ecb80000,0x00000000ecb80000,0x00000000ed080000)
 ParOldGen       total 70144K, used 11448K [0x00000000c0000000, 0x00000000c4480000, 0x00000000eab00000)
  object space 70144K, 16% used [0x00000000c0000000,0x00000000c0b2e008,0x00000000c4480000)
 Metaspace       used 23174K, capacity 23632K, committed 23808K, reserved 1069056K
  class space    used 3182K, capacity 3308K, committed 3328K, reserved 1048576K
Event: 2.995 GC heap after
Heap after GC invocations=6 (full 1):
 PSYoungGen      total 38400K, used 4119K [0x00000000eab00000, 0x00000000ef280000, 0x0000000100000000)
  eden space 33280K, 0% used [0x00000000eab00000,0x00000000eab00000,0x00000000ecb80000)
  from space 5120K, 80% used [0x00000000ecb80000,0x00000000ecf85f58,0x00000000ed080000)
  to   space 11264K, 0% used [0x00000000ee780000,0x00000000ee780000,0x00000000ef280000)
 ParOldGen       total 70144K, used 11448K [0x00000000c0000000, 0x00000000c4480000, 0x00000000eab00000)
  object space 70144K, 16% used [0x00000000c0000000,0x00000000c0b2e008,0x00000000c4480000)
 Metaspace       used 23174K, capacity 23632K, committed 23808K, reserved 1069056K
  class space    used 3182K, capacity 3308K, committed 3328K, reserved 1048576K
}
Event: 3.372 GC heap before
{Heap before GC invocations=7 (full 1):
 PSYoungGen      total 38400K, used 37399K [0x00000000eab00000, 0x00000000ef280000, 0x0000000100000000)
  eden space 33280K, 100% used [0x00000000eab00000,0x00000000ecb80000,0x00000000ecb80000)
  from space 5120K, 80% used [0x00000000ecb80000,0x00000000ecf85f58,0x00000000ed080000)
  to   space 11264K, 0% used [0x00000000ee780000,0x00000000ee780000,0x00000000ef280000)
 ParOldGen       total 70144K, used 11448K [0x00000000c0000000, 0x00000000c4480000, 0x00000000eab00000)
  object space 70144K, 16% used [0x00000000c0000000,0x00000000c0b2e008,0x00000000c4480000)
 Metaspace       used 25605K, capacity 26136K, committed 26368K, reserved 1071104K
  class space    used 3604K, capacity 3734K, committed 3840K, reserved 1048576K
Event: 3.378 GC heap after
Heap after GC invocations=7 (full 1):
 PSYoungGen      total 58880K, used 4924K [0x00000000eab00000, 0x00000000ef080000, 0x0000000100000000)
  eden space 49664K, 0% used [0x00000000eab00000,0x00000000eab00000,0x00000000edb80000)
  from space 9216K, 53% used [0x00000000ee780000,0x00000000eec4f358,0x00000000ef080000)
  to   space 10752K, 0% used [0x00000000edb80000,0x00000000edb80000,0x00000000ee600000)
 ParOldGen       total 70144K, used 11448K [0x00000000c0000000, 0x00000000c4480000, 0x00000000eab00000)
  object space 70144K, 16% used [0x00000000c0000000,0x00000000c0b2e008,0x00000000c4480000)
 Metaspace       used 25605K, capacity 26136K, committed 26368K, reserved 1071104K
  class space    used 3604K, capacity 3734K, committed 3840K, reserved 1048576K
}
Event: 4.083 GC heap before
{Heap before GC invocations=8 (full 1):
 PSYoungGen      total 58880K, used 54588K [0x00000000eab00000, 0x00000000ef080000, 0x0000000100000000)
  eden space 49664K, 100% used [0x00000000eab00000,0x00000000edb80000,0x00000000edb80000)
  from space 9216K, 53% used [0x00000000ee780000,0x00000000eec4f358,0x00000000ef080000)
  to   space 10752K, 0% used [0x00000000edb80000,0x00000000edb80000,0x00000000ee600000)
 ParOldGen       total 70144K, used 11448K [0x00000000c0000000, 0x00000000c4480000, 0x00000000eab00000)
  object space 70144K, 16% used [0x00000000c0000000,0x00000000c0b2e008,0x00000000c4480000)
 Metaspace       used 27895K, capacity 28464K, committed 28672K, reserved 1073152K
  class space    used 3911K, capacity 4058K, committed 4096K, reserved 1048576K
Event: 4.092 GC heap after
Heap after GC invocations=8 (full 1):
 PSYoungGen      total 60416K, used 5158K [0x00000000eab00000, 0x00000000f0700000, 0x0000000100000000)
  eden space 49664K, 0% used [0x00000000eab00000,0x00000000eab00000,0x00000000edb80000)
  from space 10752K, 47% used [0x00000000edb80000,0x00000000ee089a48,0x00000000ee600000)
  to   space 10240K, 0% used [0x00000000efd00000,0x00000000efd00000,0x00000000f0700000)
 ParOldGen       total 70144K, used 11448K [0x00000000c0000000, 0x00000000c4480000, 0x00000000eab00000)
  object space 70144K, 16% used [0x00000000c0000000,0x00000000c0b2e008,0x00000000c4480000)
 Metaspace       used 27895K, capacity 28464K, committed 28672K, reserved 1073152K
  class space    used 3911K, capacity 4058K, committed 4096K, reserved 1048576K
}
Event: 5.028 GC heap before
{Heap before GC invocations=9 (full 1):
 PSYoungGen      total 60416K, used 54822K [0x00000000eab00000, 0x00000000f0700000, 0x0000000100000000)
  eden space 49664K, 100% used [0x00000000eab00000,0x00000000edb80000,0x00000000edb80000)
  from space 10752K, 47% used [0x00000000edb80000,0x00000000ee089a48,0x00000000ee600000)
  to   space 10240K, 0% used [0x00000000efd00000,0x00000000efd00000,0x00000000f0700000)
 ParOldGen       total 70144K, used 11448K [0x00000000c0000000, 0x00000000c4480000, 0x00000000eab00000)
  object space 70144K, 16% used [0x00000000c0000000,0x00000000c0b2e008,0x00000000c4480000)
 Metaspace       used 28700K, capacity 29254K, committed 29568K, reserved 1075200K
  class space    used 4001K, capacity 4128K, committed 4224K, reserved 1048576K
Event: 5.055 GC heap after
Heap after GC invocations=9 (full 1):
 PSYoungGen      total 83968K, used 4988K [0x00000000eab00000, 0x00000000f0900000, 0x0000000100000000)
  eden space 73728K, 0% used [0x00000000eab00000,0x00000000eab00000,0x00000000ef300000)
  from space 10240K, 48% used [0x00000000efd00000,0x00000000f01df350,0x00000000f0700000)
  to   space 10240K, 0% used [0x00000000ef300000,0x00000000ef300000,0x00000000efd00000)
 ParOldGen       total 70144K, used 11528K [0x00000000c0000000, 0x00000000c4480000, 0x00000000eab00000)
  object space 70144K, 16% used [0x00000000c0000000,0x00000000c0b42030,0x00000000c4480000)
 Metaspace       used 28700K, capacity 29254K, committed 29568K, reserved 1075200K
  class space    used 4001K, capacity 4128K, committed 4224K, reserved 1048576K
}

